1539512440822	mozrunner::runner	INFO	Running command: "C:\\Program Files\\Mozilla Firefox\\firefox.exe" "-marionette" "-foreground" "-no-remote" "-profile" "C:\\Users\\JOPPER~1\\AppData\\Local\\Temp\\rust_mozprofile.nLLpKZurEK9a"
Unable to read VR Path Registry from C:\Users\jopperman\AppData\Local\openvr\openvrpaths.vrpath
Unable to read VR Path Registry from C:\Users\jopperman\AppData\Local\openvr\openvrpaths.vrpath
Unable to read VR Path Registry from C:\Users\jopperman\AppData\Local\openvr\openvrpaths.vrpath
Unable to read VR Path Registry from C:\Users\jopperman\AppData\Local\openvr\openvrpaths.vrpath
1539512444173	Marionette	INFO	Listening on port 57604
Unable to read VR Path Registry from C:\Users\jopperman\AppData\Local\openvr\openvrpaths.vrpath
1539512444658	Marionette	WARN	TLS certificate errors will be ignored for this session
[Parent 26616, Gecko_IOThread] WARNING: pipe error: 109: file z:/build/build/src/ipc/chromium/src/chrome/common/ipc_channel_win.cc, line 346
[Child 30396, Chrome_ChildThread] WARNING: pipe error: 109: file z:/build/build/src/ipc/chromium/src/chrome/common/ipc_channel_win.cc, line 346
[Parent 26616, Gecko_IOThread] WARNING: pipe error: 109: file z:/build/build/src/ipc/chromium/src/chrome/common/ipc_channel_win.cc, line 346
[Child 36192, Chrome_ChildThread] WARNING: pipe error: 109: file z:/build/build/src/ipc/chromium/src/chrome/common/ipc_channel_win.cc, line 346
[Child 36192, Chrome_Chil[Parent 26616, Gecko_IOThread] WARNING: pipe error: 109: file z:/build/build/src/ipc/chromium/src/chrome/common/ipc_channel_win.cc, line 346
[GPU 34168, Chrome_C
###!!! [Child][MessageChannel::SendAndWait] Error: Channel error: cannot send/recv

1539512722565	mozrunner::runner	INFO	Running command: "C:\\Program Files\\Mozilla Firefox\\firefox.exe" "-marionette" "-foreground" "-no-remote" "-profile" "C:\\Users\\JOPPER~1\\AppData\\Local\\Temp\\rust_mozprofile.E4zbIcuT8kk7"
1539512745739	mozrunner::runner	INFO	Running command: "C:\\Program Files\\Mozilla Firefox\\firefox.exe" "-marionette" "-foreground" "-no-remote" "-profile" "C:\\Users\\JOPPER~1\\AppData\\Local\\Temp\\rust_mozprofile.CsAOadf5qdE9"
1539512747677	Marionette	INFO	Listening on port 58119
1539512747877	Marionette	WARN	TLS certificate errors will be ignored for this session
1539512747914	Marionette	DEBUG	[6442450945] Frame script loaded
1539512747916	Marionette	DEBUG	[6442450945] Frame script registered
1539512747940	Marionette	DEBUG	[6442450945] Received DOM event beforeunload for about:blank
1539512749464	Marionette	DEBUG	[6442450945] Received DOM event pagehide for about:blank
1539512749803	Marionette	DEBUG	[6442450945] Received DOM event DOMContentLoaded for https://www.google.com/?gws_rd=ssl
1539512751139	Marionette	DEBUG	[6442450945] Received DOM event pageshow for https://www.google.com/?gws_rd=ssl
1539512751153	Marionette	INFO	Stopped listening on port 58119
[Child 35400, Chrome_ChildThread] WARNING: pipe error: 109: file z:/build/build/src/ipc/chromium/src/chrome/common/ipc_channel_win.cc, line 346
[Child [Parent 18352, Gecko_IOThread] WARNING: pipe error: 109: file z:/build/build/src/ipc/chromium/src/chrome/common/ipc_channel_win.cc, line 346
[Child 9228, Chrome_ChildThread] WARNING: pipe error: 109: file z:/build/build/src/ipc/chromium/src/chrome/common/ipc_channel_win.cc, line 346
[Child 9228, Chrome_ChildT[Parent 18352, Gecko_IOThread] WARNING: pipe error: 109: file z:/build/build/src/ipc/chromium/src/chrome/common/ipc_channel_win.cc, line 346
[Child 6020, Chrome_ChildThread] WARNING: pipe error: 109: file z:/build/build/src/ipc/chromium/src/chrome/common/ipc_channel_win.cc, line 346
[Child 6020, Ch[GPU 3877
###!!! [Child][MessageChannel::SendAndWait] Error: Channel error: cannot send/recv

